\BOOKMARK [0][-]{chapter*.6}{\376\377\000L\000i\000s\000t\000\040\000o\000f\000\040\000F\000i\000g\000u\000r\000e\000s}{}% 1
\BOOKMARK [0][-]{chapter*.7}{\376\377\000L\000i\000s\000t\000\040\000o\000f\000\040\000A\000b\000b\000r\000e\000v\000i\000a\000t\000i\000o\000n\000s}{}% 2
\BOOKMARK [0][-]{chapter.8}{\376\377\000B\000a\000c\000k\000g\000r\000o\000u\000n\000d}{}% 3
\BOOKMARK [1][-]{section.9}{\376\377\000G\000a\000u\000s\000s\000i\000a\000n\000\040\000M\000a\000r\000k\000o\000v\000\040\000R\000a\000n\000d\000o\000m\000\040\000F\000i\000e\000l\000d}{chapter.8}% 4
\BOOKMARK [2][-]{subsection.10}{\376\377\000M\000a\000r\000k\000o\000v\000\040\000R\000a\000n\000d\000o\000m\000\040\000F\000i\000e\000l\000d}{section.9}% 5
\BOOKMARK [2][-]{subsection.11}{\376\377\000M\000u\000l\000t\000i\000v\000a\000r\000i\000a\000t\000e\000\040\000N\000o\000r\000m\000a\000l\000\040\000D\000i\000s\000t\000r\000i\000b\000u\000t\000i\000o\000n}{section.9}% 6
\BOOKMARK [2][-]{subsection.14}{\376\377\000C\000o\000n\000d\000i\000t\000i\000o\000n\000a\000l\000\040\000d\000i\000s\000t\000r\000i\000b\000u\000t\000i\000o\000n\000\040\000t\000h\000r\000o\000u\000g\000h\000\040\000S\000p\000a\000t\000i\000a\000l\000\040\000D\000e\000p\000e\000n\000d\000e\000n\000c\000i\000e\000s}{section.9}% 7
\BOOKMARK [1][-]{section.25}{\376\377\000l\000i\000n\000e\000a\000r\000-\000G\000a\000u\000s\000s\000i\000a\000n\000\040\000h\000i\000e\000r\000a\000r\000c\000h\000i\000c\000a\000l\000\040\000B\000a\000y\000e\000s\000i\000a\000n\000\040\000m\000o\000d\000e\000l}{chapter.8}% 8
\BOOKMARK [2][-]{subsection.37}{\376\377\000M\000o\000n\000t\000e\000-\000C\000a\000r\000l\000o\000\040\000M\000e\000t\000h\000o\000d\000\040\000I\000n\000t\000e\000g\000r\000a\000t\000i\000o\000n}{section.25}% 9
\BOOKMARK [2][-]{subsection.39}{\376\377\000M\000a\000r\000k\000o\000v\000\040\000C\000h\000a\000i\000n\000s}{section.25}% 10
\BOOKMARK [1][-]{section.47}{\376\377\000S\000a\000m\000p\000l\000i\000n\000g\000\040\000f\000r\000o\000m\000\040\000t\000h\000e\000\040\000p\000o\000s\000t\000e\000r\000i\000o\000r\000\040\000d\000i\000s\000t\000r\000i\000b\000u\000t\000i\000o\000n}{chapter.8}% 11
\BOOKMARK [2][-]{subsection.48}{\376\377\000M\000e\000t\000r\000o\000p\000o\000l\000i\000s\000-\000H\000a\000s\000t\000i\000n\000g\000s\000\040\000-\000\040\000M\000a\000r\000k\000o\000v\000\040\000c\000h\000a\000i\000n\000\040\000M\000o\000n\000t\000e\000-\000C\000a\000r\000l\000o}{section.47}% 12
\BOOKMARK [2][-]{subsection.62}{\376\377\000M\000a\000r\000g\000i\000n\000a\000l\000\040\000a\000n\000d\000\040\000t\000h\000e\000n\000\040\000C\000o\000n\000d\000i\000t\000i\000o\000n\000a\000l\000\040\000S\000a\000m\000p\000l\000e\000r\000\040\000-\000\040\000M\000T\000C}{section.47}% 13
\BOOKMARK [2][-]{subsection.90}{\376\377\000A\000d\000a\000p\000t\000i\000v\000e\000\040\000M\000C\000M\000C\000\040\000-\000\040\000G\000O\000M\000O\000S}{section.47}% 14
\BOOKMARK [0][-]{appendix.92}{\376\377\000P\000o\000s\000t\000e\000r\000i\000o\000r\000\040\000o\000f\000\040\000B\000a\000y\000e\000s\000i\000a\000n\000\040\000H\000i\000e\000r\000a\000c\000h\000i\000c\000a\000l\000\040\000m\000o\000d\000e\000l}{}% 15
\BOOKMARK [0][-]{appendix.107}{\376\377\000C\000o\000n\000v\000e\000r\000g\000e\000n\000c\000e\000\040\000o\000f\000\040\000t\000h\000e\000\040\000M\000e\000t\000r\000o\000p\000o\000l\000i\000s\000-\000H\000a\000s\000t\000i\000n\000g\000s}{}% 16
\BOOKMARK [0][-]{appendix.108}{\376\377\000R\000a\000n\000d\000o\000m\000i\000z\000e\000\040\000t\000h\000e\000n\000\040\000O\000p\000t\000i\000m\000i\000z\000e\000\040\000-\000\040\000R\000T\000O}{}% 17
\BOOKMARK [0][-]{appendix.119}{\376\377\000I\000n\000v\000e\000r\000t\000i\000n\000g\000\040\000M\000a\000t\000r\000i\000c\000e\000s\000\040\000-\000\040\000Q\000R\000\040\000f\000a\000c\000t\000o\000r\000i\000z\000a\000t\000i\000o\000n}{}% 18
\BOOKMARK [0][-]{appendix.120}{\376\377\000T\000a\000y\000l\000o\000r\000\040\000e\000x\000p\000a\000n\000s\000i\000o\000n\000\040\000o\000f\000\040\000g\000\050\000\051}{}% 19
\BOOKMARK [0][-]{appendix.128}{\376\377\000R\000a\000d\000i\000a\000t\000i\000o\000n\000\040\000t\000r\000a\000n\000s\000f\000e\000r\000\040\000a\000n\000d\000\040\000a\000b\000s\000o\000r\000p\000t\000i\000o\000n\000\040\000l\000i\000n\000e\000\040\000s\000h\000a\000p\000e}{}% 20
\BOOKMARK [0][-]{appendix.129}{\376\377\000w\000h\000i\000s\000p\000e\000r\000i\000n\000g\000\040\000g\000a\000l\000l\000e\000r\000y\000\040\000r\000e\000s\000o\000n\000a\000t\000o\000r}{}% 21
\BOOKMARK [0][-]{appendix*.131}{\376\377\000R\000e\000f\000e\000r\000e\000n\000c\000e\000s}{}% 22
